Started GET "/" for ::1 at 2019-10-09 12:44:42 -0700
  
PG::ConnectionBad (could not connect to server: No such file or directory
	Is the server running locally and accepting
	connections on Unix domain socket "/tmp/.s.PGSQL.5432"?
):
  
pg (1.1.4) lib/pg.rb:56:in `initialize'
pg (1.1.4) lib/pg.rb:56:in `new'
pg (1.1.4) lib/pg.rb:56:in `connect'
activerecord (6.0.0) lib/active_record/connection_adapters/postgresql_adapter.rb:46:in `postgresql_connection'
activerecord (6.0.0) lib/active_record/connection_adapters/abstract/connection_pool.rb:879:in `new_connection'
activerecord (6.0.0) lib/active_record/connection_adapters/abstract/connection_pool.rb:923:in `checkout_new_connection'
activerecord (6.0.0) lib/active_record/connection_adapters/abstract/connection_pool.rb:902:in `try_to_checkout_new_connection'
activerecord (6.0.0) lib/active_record/connection_adapters/abstract/connection_pool.rb:863:in `acquire_connection'
activerecord (6.0.0) lib/active_record/connection_adapters/abstract/connection_pool.rb:587:in `checkout'
activerecord (6.0.0) lib/active_record/connection_adapters/abstract/connection_pool.rb:431:in `connection'
activerecord (6.0.0) lib/active_record/connection_adapters/abstract/connection_pool.rb:1111:in `retrieve_connection'
activerecord (6.0.0) lib/active_record/connection_handling.rb:231:in `retrieve_connection'
activerecord (6.0.0) lib/active_record/connection_handling.rb:199:in `connection'
activerecord (6.0.0) lib/active_record/migration.rb:562:in `call'
actionpack (6.0.0) lib/action_dispatch/middleware/callbacks.rb:27:in `block in call'
activesupport (6.0.0) lib/active_support/callbacks.rb:101:in `run_callbacks'
actionpack (6.0.0) lib/action_dispatch/middleware/callbacks.rb:26:in `call'
actionpack (6.0.0) lib/action_dispatch/middleware/executor.rb:14:in `call'
actionpack (6.0.0) lib/action_dispatch/middleware/actionable_exceptions.rb:17:in `call'
actionpack (6.0.0) lib/action_dispatch/middleware/debug_exceptions.rb:32:in `call'
actionpack (6.0.0) lib/action_dispatch/middleware/show_exceptions.rb:33:in `call'
railties (6.0.0) lib/rails/rack/logger.rb:38:in `call_app'
railties (6.0.0) lib/rails/rack/logger.rb:26:in `block in call'
activesupport (6.0.0) lib/active_support/tagged_logging.rb:80:in `block in tagged'
activesupport (6.0.0) lib/active_support/tagged_logging.rb:28:in `tagged'
activesupport (6.0.0) lib/active_support/tagged_logging.rb:80:in `tagged'
railties (6.0.0) lib/rails/rack/logger.rb:26:in `call'
actionpack (6.0.0) lib/action_dispatch/middleware/remote_ip.rb:81:in `call'
actionpack (6.0.0) lib/action_dispatch/middleware/request_id.rb:27:in `call'
rack (2.0.7) lib/rack/runtime.rb:22:in `call'
activesupport (6.0.0) lib/active_support/cache/strategy/local_cache_middleware.rb:29:in `call'
actionpack (6.0.0) lib/action_dispatch/middleware/executor.rb:14:in `call'
actionpack (6.0.0) lib/action_dispatch/middleware/static.rb:126:in `call'
rack (2.0.7) lib/rack/sendfile.rb:111:in `call'
actionpack (6.0.0) lib/action_dispatch/middleware/host_authorization.rb:83:in `call'
railties (6.0.0) lib/rails/engine.rb:526:in `call'
puma (3.12.1) lib/puma/configuration.rb:227:in `call'
puma (3.12.1) lib/puma/server.rb:660:in `handle_request'
puma (3.12.1) lib/puma/server.rb:474:in `process_client'
puma (3.12.1) lib/puma/server.rb:334:in `block in run'
puma (3.12.1) lib/puma/thread_pool.rb:135:in `block in spawn_thread'
Started GET "/" for ::1 at 2019-10-09 12:46:00 -0700
Processing by Rails::WelcomeController#index as HTML
  Rendering /Users/mitchellchang/.rbenv/versions/2.5.5/lib/ruby/gems/2.5.0/gems/railties-6.0.0/lib/rails/templates/rails/welcome/index.html.erb
  Rendered /Users/mitchellchang/.rbenv/versions/2.5.5/lib/ruby/gems/2.5.0/gems/railties-6.0.0/lib/rails/templates/rails/welcome/index.html.erb (Duration: 9.4ms | Allocations: 463)
Completed 200 OK in 18ms (Views: 13.9ms | ActiveRecord: 0.0ms | Allocations: 2490)


Started GET "/favicon.ico" for ::1 at 2019-10-09 12:46:01 -0700
  
ActionController::RoutingError (No route matches [GET] "/favicon.ico"):
  
actionpack (6.0.0) lib/action_dispatch/middleware/debug_exceptions.rb:36:in `call'
actionpack (6.0.0) lib/action_dispatch/middleware/show_exceptions.rb:33:in `call'
railties (6.0.0) lib/rails/rack/logger.rb:38:in `call_app'
railties (6.0.0) lib/rails/rack/logger.rb:26:in `block in call'
activesupport (6.0.0) lib/active_support/tagged_logging.rb:80:in `block in tagged'
activesupport (6.0.0) lib/active_support/tagged_logging.rb:28:in `tagged'
activesupport (6.0.0) lib/active_support/tagged_logging.rb:80:in `tagged'
railties (6.0.0) lib/rails/rack/logger.rb:26:in `call'
actionpack (6.0.0) lib/action_dispatch/middleware/remote_ip.rb:81:in `call'
actionpack (6.0.0) lib/action_dispatch/middleware/request_id.rb:27:in `call'
rack (2.0.7) lib/rack/runtime.rb:22:in `call'
activesupport (6.0.0) lib/active_support/cache/strategy/local_cache_middleware.rb:29:in `call'
actionpack (6.0.0) lib/action_dispatch/middleware/executor.rb:14:in `call'
actionpack (6.0.0) lib/action_dispatch/middleware/static.rb:126:in `call'
rack (2.0.7) lib/rack/sendfile.rb:111:in `call'
actionpack (6.0.0) lib/action_dispatch/middleware/host_authorization.rb:83:in `call'
railties (6.0.0) lib/rails/engine.rb:526:in `call'
puma (3.12.1) lib/puma/configuration.rb:227:in `call'
puma (3.12.1) lib/puma/server.rb:660:in `handle_request'
puma (3.12.1) lib/puma/server.rb:474:in `process_client'
puma (3.12.1) lib/puma/server.rb:334:in `block in run'
puma (3.12.1) lib/puma/thread_pool.rb:135:in `block in spawn_thread'
Started GET "/" for ::1 at 2019-10-09 12:46:33 -0700
Processing by Rails::WelcomeController#index as HTML
  Rendering /Users/mitchellchang/.rbenv/versions/2.5.5/lib/ruby/gems/2.5.0/gems/railties-6.0.0/lib/rails/templates/rails/welcome/index.html.erb
  Rendered /Users/mitchellchang/.rbenv/versions/2.5.5/lib/ruby/gems/2.5.0/gems/railties-6.0.0/lib/rails/templates/rails/welcome/index.html.erb (Duration: 10.6ms | Allocations: 193)
Completed 200 OK in 14ms (Views: 12.3ms | ActiveRecord: 0.0ms | Allocations: 761)


  [1m[35m (1.4ms)[0m  [1m[35mCREATE DATABASE "bookmark_api_development" ENCODING = 'unicode'[0m
  [1m[35m (0.7ms)[0m  [1m[35mCREATE DATABASE "bookmark_api_test" ENCODING = 'unicode'[0m
  [1m[35m (1.0ms)[0m  [1m[34mSELECT pg_try_advisory_lock(3461398021710492150)[0m
  [1m[35m (6.1ms)[0m  [1m[34mSELECT "schema_migrations"."version" FROM "schema_migrations" ORDER BY "schema_migrations"."version" ASC[0m
Migrating to CreateBookmarks (20191009194924)
  [1m[35m (0.3ms)[0m  [1m[35mBEGIN[0m
  [1m[35m (43.8ms)[0m  [1m[35mCREATE TABLE "bookmarks" ("id" bigserial primary key, "title" character varying, "content" text, "url" text, "created_at" timestamp(6) NOT NULL, "updated_at" timestamp(6) NOT NULL)[0m
  [1m[36mprimary::SchemaMigration Create (0.5ms)[0m  [1m[32mINSERT INTO "schema_migrations" ("version") VALUES ($1) RETURNING "version"[0m  [["version", "20191009194924"]]
  [1m[35m (0.8ms)[0m  [1m[35mCOMMIT[0m
  [1m[36mActiveRecord::InternalMetadata Load (2.2ms)[0m  [1m[34mSELECT "ar_internal_metadata".* FROM "ar_internal_metadata" WHERE "ar_internal_metadata"."key" = $1 LIMIT $2[0m  [["key", "environment"], ["LIMIT", 1]]
  [1m[35m (0.4ms)[0m  [1m[34mSELECT pg_advisory_unlock(3461398021710492150)[0m
  [1m[35m (0.8ms)[0m  [1m[34mSELECT "schema_migrations"."version" FROM "schema_migrations" ORDER BY "schema_migrations"."version" ASC[0m
  [1m[35m (0.7ms)[0m  [1m[34mSELECT "schema_migrations"."version" FROM "schema_migrations" ORDER BY "schema_migrations"."version" ASC[0m
  [1m[35m (0.2ms)[0m  [1m[35mBEGIN[0m
  [1m[36mBookmark Create (5.4ms)[0m  [1m[32mINSERT INTO "bookmarks" ("title", "content", "url", "created_at", "updated_at") VALUES ($1, $2, $3, $4, $5) RETURNING "id"[0m  [["title", "fb"], ["content", "social media"], ["url", "www.facebook.com"], ["created_at", "2019-10-09 20:08:02.726010"], ["updated_at", "2019-10-09 20:08:02.726010"]]
  [1m[35m (1.5ms)[0m  [1m[35mCOMMIT[0m
  [1m[35m (0.2ms)[0m  [1m[35mBEGIN[0m
  [1m[36mBookmark Create (0.4ms)[0m  [1m[32mINSERT INTO "bookmarks" ("title", "content", "url", "created_at", "updated_at") VALUES ($1, $2, $3, $4, $5) RETURNING "id"[0m  [["title", "forever21"], ["content", "shop"], ["url", "www.forever21.com"], ["created_at", "2019-10-09 20:08:02.738313"], ["updated_at", "2019-10-09 20:08:02.738313"]]
  [1m[35m (0.4ms)[0m  [1m[35mCOMMIT[0m
  [1m[35m (0.2ms)[0m  [1m[35mBEGIN[0m
  [1m[36mBookmark Create (0.3ms)[0m  [1m[32mINSERT INTO "bookmarks" ("title", "content", "url", "created_at", "updated_at") VALUES ($1, $2, $3, $4, $5) RETURNING "id"[0m  [["title", "google"], ["content", "search engine"], ["url", "www.google.com"], ["created_at", "2019-10-09 20:08:02.743595"], ["updated_at", "2019-10-09 20:08:02.743595"]]
  [1m[35m (0.4ms)[0m  [1m[35mCOMMIT[0m
Started GET "/" for ::1 at 2019-10-09 13:08:25 -0700
  [1m[35m (1.0ms)[0m  [1m[34mSELECT "schema_migrations"."version" FROM "schema_migrations" ORDER BY "schema_migrations"."version" ASC[0m
Processing by Rails::WelcomeController#index as HTML
  Rendering /Users/mitchellchang/.rbenv/versions/2.5.5/lib/ruby/gems/2.5.0/gems/railties-6.0.0/lib/rails/templates/rails/welcome/index.html.erb
  Rendered /Users/mitchellchang/.rbenv/versions/2.5.5/lib/ruby/gems/2.5.0/gems/railties-6.0.0/lib/rails/templates/rails/welcome/index.html.erb (Duration: 14.0ms | Allocations: 462)
Completed 200 OK in 28ms (Views: 23.0ms | ActiveRecord: 0.0ms | Allocations: 2489)


Started GET "/bookmark" for ::1 at 2019-10-09 13:08:32 -0700
  
ActionController::RoutingError (No route matches [GET] "/bookmark"):
  
actionpack (6.0.0) lib/action_dispatch/middleware/debug_exceptions.rb:36:in `call'
actionpack (6.0.0) lib/action_dispatch/middleware/show_exceptions.rb:33:in `call'
railties (6.0.0) lib/rails/rack/logger.rb:38:in `call_app'
railties (6.0.0) lib/rails/rack/logger.rb:26:in `block in call'
activesupport (6.0.0) lib/active_support/tagged_logging.rb:80:in `block in tagged'
activesupport (6.0.0) lib/active_support/tagged_logging.rb:28:in `tagged'
activesupport (6.0.0) lib/active_support/tagged_logging.rb:80:in `tagged'
railties (6.0.0) lib/rails/rack/logger.rb:26:in `call'
actionpack (6.0.0) lib/action_dispatch/middleware/remote_ip.rb:81:in `call'
actionpack (6.0.0) lib/action_dispatch/middleware/request_id.rb:27:in `call'
rack (2.0.7) lib/rack/runtime.rb:22:in `call'
activesupport (6.0.0) lib/active_support/cache/strategy/local_cache_middleware.rb:29:in `call'
actionpack (6.0.0) lib/action_dispatch/middleware/executor.rb:14:in `call'
actionpack (6.0.0) lib/action_dispatch/middleware/static.rb:126:in `call'
rack (2.0.7) lib/rack/sendfile.rb:111:in `call'
actionpack (6.0.0) lib/action_dispatch/middleware/host_authorization.rb:83:in `call'
railties (6.0.0) lib/rails/engine.rb:526:in `call'
puma (3.12.1) lib/puma/configuration.rb:227:in `call'
puma (3.12.1) lib/puma/server.rb:660:in `handle_request'
puma (3.12.1) lib/puma/server.rb:474:in `process_client'
puma (3.12.1) lib/puma/server.rb:334:in `block in run'
puma (3.12.1) lib/puma/thread_pool.rb:135:in `block in spawn_thread'
Started GET "/bookmarks" for ::1 at 2019-10-09 13:08:35 -0700
Processing by BookmarksController#index as HTML
  [1m[36mBookmark Load (2.8ms)[0m  [1m[34mSELECT "bookmarks".* FROM "bookmarks"[0m
  ↳ app/controllers/bookmarks_controller.rb:8:in `index'
Completed 200 OK in 40ms (Views: 25.4ms | ActiveRecord: 10.3ms | Allocations: 6154)


Started GET "/bookmarks" for ::1 at 2019-10-09 14:19:08 -0700
  [1m[35m (2.5ms)[0m  [1m[34mSELECT "schema_migrations"."version" FROM "schema_migrations" ORDER BY "schema_migrations"."version" ASC[0m
Processing by BookmarksController#index as */*
  [1m[36mBookmark Load (0.6ms)[0m  [1m[34mSELECT "bookmarks".* FROM "bookmarks"[0m
  ↳ app/controllers/bookmarks_controller.rb:8:in `index'
Completed 200 OK in 17ms (Views: 9.4ms | ActiveRecord: 5.0ms | Allocations: 6079)


Started GET "/bookmarks" for ::1 at 2019-10-09 15:04:15 -0700
  [1m[35m (0.7ms)[0m  [1m[34mSELECT "schema_migrations"."version" FROM "schema_migrations" ORDER BY "schema_migrations"."version" ASC[0m
Processing by BookmarksController#index as */*
  [1m[36mBookmark Load (0.5ms)[0m  [1m[34mSELECT "bookmarks".* FROM "bookmarks"[0m
  ↳ app/controllers/bookmarks_controller.rb:8:in `index'
Completed 200 OK in 17ms (Views: 9.3ms | ActiveRecord: 5.6ms | Allocations: 6080)


Started GET "/bookmarks" for ::1 at 2019-10-09 15:05:16 -0700
Processing by BookmarksController#index as */*
  [1m[36mBookmark Load (0.7ms)[0m  [1m[34mSELECT "bookmarks".* FROM "bookmarks"[0m
  ↳ app/controllers/bookmarks_controller.rb:8:in `index'
Completed 200 OK in 4ms (Views: 3.2ms | ActiveRecord: 0.7ms | Allocations: 1268)


Started GET "/bookmarks" for ::1 at 2019-10-09 17:20:11 -0700
  [1m[35m (2.8ms)[0m  [1m[34mSELECT "schema_migrations"."version" FROM "schema_migrations" ORDER BY "schema_migrations"."version" ASC[0m
Processing by BookmarksController#index as */*
  [1m[36mBookmark Load (1.0ms)[0m  [1m[34mSELECT "bookmarks".* FROM "bookmarks"[0m
  ↳ app/controllers/bookmarks_controller.rb:8:in `index'
Completed 200 OK in 41ms (Views: 26.1ms | ActiveRecord: 10.4ms | Allocations: 6080)


Started GET "/bookmarks" for ::1 at 2019-10-09 17:32:11 -0700
Processing by BookmarksController#index as */*
  [1m[36mBookmark Load (1.0ms)[0m  [1m[34mSELECT "bookmarks".* FROM "bookmarks"[0m
  ↳ app/controllers/bookmarks_controller.rb:8:in `index'
Completed 200 OK in 5ms (Views: 3.5ms | ActiveRecord: 1.0ms | Allocations: 1363)


Started GET "/bookmarks" for ::1 at 2019-10-09 17:36:26 -0700
Processing by BookmarksController#index as */*
  [1m[36mBookmark Load (0.3ms)[0m  [1m[34mSELECT "bookmarks".* FROM "bookmarks"[0m
  ↳ app/controllers/bookmarks_controller.rb:8:in `index'
Completed 200 OK in 4ms (Views: 3.3ms | ActiveRecord: 0.3ms | Allocations: 1268)


Started GET "/bookmarks" for 127.0.0.1 at 2019-10-09 17:37:30 -0700
Processing by BookmarksController#index as */*
  [1m[36mBookmark Load (1.0ms)[0m  [1m[34mSELECT "bookmarks".* FROM "bookmarks"[0m
  ↳ app/controllers/bookmarks_controller.rb:8:in `index'
Completed 200 OK in 5ms (Views: 4.0ms | ActiveRecord: 1.0ms | Allocations: 1268)


Started GET "/bookmarks" for 127.0.0.1 at 2019-10-09 17:37:36 -0700
Processing by BookmarksController#index as */*
  [1m[36mBookmark Load (0.6ms)[0m  [1m[34mSELECT "bookmarks".* FROM "bookmarks"[0m
  ↳ app/controllers/bookmarks_controller.rb:8:in `index'
Completed 200 OK in 22ms (Views: 19.8ms | ActiveRecord: 0.6ms | Allocations: 1255)


Started GET "/bookmarks" for 127.0.0.1 at 2019-10-09 17:39:06 -0700
Processing by BookmarksController#index as */*
  [1m[36mBookmark Load (0.5ms)[0m  [1m[34mSELECT "bookmarks".* FROM "bookmarks"[0m
  ↳ app/controllers/bookmarks_controller.rb:8:in `index'
Completed 200 OK in 9ms (Views: 7.7ms | ActiveRecord: 0.5ms | Allocations: 1254)


Started GET "/bookmarks" for 127.0.0.1 at 2019-10-09 17:39:52 -0700
Processing by BookmarksController#index as */*
  [1m[36mBookmark Load (0.4ms)[0m  [1m[34mSELECT "bookmarks".* FROM "bookmarks"[0m
  ↳ app/controllers/bookmarks_controller.rb:8:in `index'
Completed 200 OK in 6ms (Views: 5.1ms | ActiveRecord: 0.4ms | Allocations: 1268)


Started GET "/bookmarks" for 127.0.0.1 at 2019-10-09 17:39:58 -0700
Processing by BookmarksController#index as */*
  [1m[36mBookmark Load (0.3ms)[0m  [1m[34mSELECT "bookmarks".* FROM "bookmarks"[0m
  ↳ app/controllers/bookmarks_controller.rb:8:in `index'
Completed 200 OK in 3ms (Views: 2.4ms | ActiveRecord: 0.3ms | Allocations: 1253)


Started GET "/bookmarks" for 127.0.0.1 at 2019-10-09 18:24:18 -0700
Processing by BookmarksController#index as */*
  [1m[36mBookmark Load (1.1ms)[0m  [1m[34mSELECT "bookmarks".* FROM "bookmarks"[0m
  ↳ app/controllers/bookmarks_controller.rb:8:in `index'
Completed 200 OK in 7ms (Views: 5.4ms | ActiveRecord: 1.1ms | Allocations: 1352)


Started GET "/bookmarks" for 127.0.0.1 at 2019-10-09 18:30:54 -0700
Processing by BookmarksController#index as */*
  [1m[36mBookmark Load (0.9ms)[0m  [1m[34mSELECT "bookmarks".* FROM "bookmarks"[0m
  ↳ app/controllers/bookmarks_controller.rb:8:in `index'
Completed 200 OK in 6ms (Views: 4.2ms | ActiveRecord: 0.9ms | Allocations: 1352)


Started GET "/bookmarks" for 127.0.0.1 at 2019-10-09 18:37:55 -0700
Processing by BookmarksController#index as */*
  [1m[36mBookmark Load (1.0ms)[0m  [1m[34mSELECT "bookmarks".* FROM "bookmarks"[0m
  ↳ app/controllers/bookmarks_controller.rb:8:in `index'
Completed 200 OK in 5ms (Views: 3.6ms | ActiveRecord: 1.0ms | Allocations: 1352)


Started GET "/bookmarks" for 127.0.0.1 at 2019-10-10 13:18:22 -0700
  [1m[35m (3.3ms)[0m  [1m[34mSELECT "schema_migrations"."version" FROM "schema_migrations" ORDER BY "schema_migrations"."version" ASC[0m
Processing by BookmarksController#index as */*
  [1m[36mBookmark Load (3.3ms)[0m  [1m[34mSELECT "bookmarks".* FROM "bookmarks"[0m
  ↳ app/controllers/bookmarks_controller.rb:8:in `index'
Completed 200 OK in 49ms (Views: 21.0ms | ActiveRecord: 14.4ms | Allocations: 6079)


Started DELETE "/bookmarks/3" for 127.0.0.1 at 2019-10-10 13:18:33 -0700
Processing by BookmarksController#destroy as HTML
  Parameters: {"id"=>"3", "bookmark"=>{}}
  [1m[36mBookmark Load (1.7ms)[0m  [1m[34mSELECT "bookmarks".* FROM "bookmarks" WHERE "bookmarks"."id" = $1 LIMIT $2[0m  [["id", 3], ["LIMIT", 1]]
  ↳ app/controllers/bookmarks_controller.rb:44:in `set_bookmark'
  [1m[35m (0.2ms)[0m  [1m[35mBEGIN[0m
  ↳ app/controllers/bookmarks_controller.rb:38:in `destroy'
  [1m[36mBookmark Destroy (1.1ms)[0m  [1m[31mDELETE FROM "bookmarks" WHERE "bookmarks"."id" = $1[0m  [["id", 3]]
  ↳ app/controllers/bookmarks_controller.rb:38:in `destroy'
  [1m[35m (1.6ms)[0m  [1m[35mCOMMIT[0m
  ↳ app/controllers/bookmarks_controller.rb:38:in `destroy'
Completed 204 No Content in 21ms (ActiveRecord: 4.9ms | Allocations: 3030)


Started GET "/bookmarks" for 127.0.0.1 at 2019-10-10 15:43:01 -0700
  [1m[35m (5.3ms)[0m  [1m[34mSELECT "schema_migrations"."version" FROM "schema_migrations" ORDER BY "schema_migrations"."version" ASC[0m
Processing by BookmarksController#index as */*
  [1m[36mBookmark Load (1.4ms)[0m  [1m[34mSELECT "bookmarks".* FROM "bookmarks"[0m
  ↳ app/controllers/bookmarks_controller.rb:8:in `index'
Completed 200 OK in 40ms (Views: 21.8ms | ActiveRecord: 11.2ms | Allocations: 5936)


Started GET "/bookmarks" for 127.0.0.1 at 2019-10-10 15:44:16 -0700
Processing by BookmarksController#index as */*
  [1m[36mBookmark Load (0.5ms)[0m  [1m[34mSELECT "bookmarks".* FROM "bookmarks"[0m
  ↳ app/controllers/bookmarks_controller.rb:8:in `index'
Completed 200 OK in 3ms (Views: 2.1ms | ActiveRecord: 0.5ms | Allocations: 1124)


Started GET "/bookmarks" for 127.0.0.1 at 2019-10-10 15:45:14 -0700
Processing by BookmarksController#index as */*
  [1m[36mBookmark Load (0.4ms)[0m  [1m[34mSELECT "bookmarks".* FROM "bookmarks"[0m
  ↳ app/controllers/bookmarks_controller.rb:8:in `index'
Completed 200 OK in 3ms (Views: 2.7ms | ActiveRecord: 0.4ms | Allocations: 1124)


Started GET "/bookmarks" for 127.0.0.1 at 2019-10-10 16:53:49 -0700
Processing by BookmarksController#index as */*
  [1m[36mBookmark Load (3.1ms)[0m  [1m[34mSELECT "bookmarks".* FROM "bookmarks"[0m
  ↳ app/controllers/bookmarks_controller.rb:8:in `index'
Completed 200 OK in 10ms (Views: 5.8ms | ActiveRecord: 3.1ms | Allocations: 1219)


Started GET "/bookmarks" for 127.0.0.1 at 2019-10-10 17:06:00 -0700
Processing by BookmarksController#index as */*
  [1m[36mBookmark Load (1.8ms)[0m  [1m[34mSELECT "bookmarks".* FROM "bookmarks"[0m
  ↳ app/controllers/bookmarks_controller.rb:8:in `index'
Completed 200 OK in 7ms (Views: 4.0ms | ActiveRecord: 1.8ms | Allocations: 1220)


Started GET "/bookmarks" for 127.0.0.1 at 2019-10-10 17:06:22 -0700
Processing by BookmarksController#index as */*
  [1m[36mBookmark Load (0.3ms)[0m  [1m[34mSELECT "bookmarks".* FROM "bookmarks"[0m
  ↳ app/controllers/bookmarks_controller.rb:8:in `index'
Completed 200 OK in 4ms (Views: 2.2ms | ActiveRecord: 0.3ms | Allocations: 1109)


Started GET "/bookmarks" for 127.0.0.1 at 2019-10-11 16:04:12 -0700
  [1m[35m (1.5ms)[0m  [1m[34mSELECT "schema_migrations"."version" FROM "schema_migrations" ORDER BY "schema_migrations"."version" ASC[0m
Processing by BookmarksController#index as */*
  [1m[36mBookmark Load (1.3ms)[0m  [1m[34mSELECT "bookmarks".* FROM "bookmarks"[0m
  ↳ app/controllers/bookmarks_controller.rb:8:in `index'
Completed 200 OK in 20ms (Views: 10.8ms | ActiveRecord: 7.1ms | Allocations: 5936)


